#
# There is insufficient memory for the Java Runtime Environment to continue.
# Native memory allocation (malloc) failed to allocate 44336 bytes. Error detail: Chunk::new
# Possible reasons:
#   The system is out of physical RAM or swap space
#   This process is running with CompressedOops enabled, and the Java Heap may be blocking the growth of the native heap
# Possible solutions:
#   Reduce memory load on the system
#   Increase physical memory or swap space
#   Check if swap backing store is full
#   Decrease Java heap size (-Xmx/-Xms)
#   Decrease number of Java threads
#   Decrease Java thread stack sizes (-Xss)
#   Set larger code cache with -XX:ReservedCodeCacheSize=
#   JVM is running with Unscaled Compressed Oops mode in which the Java heap is
#     placed in the first 4GB address space. The Java Heap base address is the
#     maximum limit for the native heap growth. Please use -XX:HeapBaseMinAddress
#     to set the Java Heap base and to place the Java Heap above 4GB virtual address.
# This output file may be truncated or incomplete.
#
#  Out of Memory Error (arena.cpp:191), pid=18888, tid=9036
#
# JRE version: OpenJDK Runtime Environment Corretto-17.0.13.11.1 (17.0.13+11) (build 17.0.13+11-LTS)
# Java VM: OpenJDK 64-Bit Server VM Corretto-17.0.13.11.1 (17.0.13+11-LTS, mixed mode, sharing, tiered, compressed oops, compressed class ptrs, g1 gc, windows-amd64)
# No core dump will be written. Minidumps are not enabled by default on client versions of Windows
#

---------------  S U M M A R Y ------------

Command Line: -javaagent:C:\Program Files\JetBrains\IntelliJ IDEA Community Edition 2024.2.3\lib\idea_rt.jar=52119:C:\Program Files\JetBrains\IntelliJ IDEA Community Edition 2024.2.3\bin -Dfile.encoding=UTF-8 gt.edu.umes.broker.broker.IdentityServiceApplication

Host: 13th Gen Intel(R) Core(TM) i5-13420H, 12 cores, 7G,  Windows 11 , 64 bit Build 26100 (10.0.26100.3323)
Time: Sat Apr  5 04:42:58 2025 Central America Standard Time elapsed time: 0.911013 seconds (0d 0h 0m 0s)

---------------  T H R E A D  ---------------

Current thread (0x0000024dd8361900):  JavaThread "C2 CompilerThread1" daemon [_thread_in_native, id=9036, stack(0x000000f9cb200000,0x000000f9cb300000)]


Current CompileTask:
C2:    911 1273       4       org.springframework.util.ConcurrentReferenceHashMap$Segment::restructureIfNecessary (56 bytes)

Stack: [0x000000f9cb200000,0x000000f9cb300000]
Native frames: (J=compiled Java code, j=interpreted, Vv=VM code, C=native code)
V  [jvm.dll+0x680c19]
V  [jvm.dll+0x83888a]
V  [jvm.dll+0x83a34e]
V  [jvm.dll+0x83a9b3]
V  [jvm.dll+0x2481af]
V  [jvm.dll+0xac9f4]
V  [jvm.dll+0xad03c]
V  [jvm.dll+0x367762]
V  [jvm.dll+0x331b9a]
V  [jvm.dll+0x33103a]
V  [jvm.dll+0x21a701]
V  [jvm.dll+0x219b41]
V  [jvm.dll+0x1a58ed]
V  [jvm.dll+0x22988d]
V  [jvm.dll+0x227a1c]
V  [jvm.dll+0x7ed737]
V  [jvm.dll+0x7e7b2c]
V  [jvm.dll+0x67fae7]
C  [ucrtbase.dll+0x37b0]
C  [KERNEL32.DLL+0x2e8d7]
C  [ntdll.dll+0xbbf6c]


---------------  P R O C E S S  ---------------

Threads class SMR info:
_java_thread_list=0x0000024dd885f2e0, length=14, elements={
0x0000024df47eb850, 0x0000024dfff16d80, 0x0000024dfff1a670, 0x0000024dfff30f60,
0x0000024dfff31530, 0x0000024dfff32670, 0x0000024dfff377c0, 0x0000024dfff39480,
0x0000024dfff3b5d0, 0x0000024dfff3e220, 0x0000024dd82206d0, 0x0000024dd8361900,
0x0000024dd85b3520, 0x0000024dd844b860
}

Java Threads: ( => current thread )
  0x0000024df47eb850 JavaThread "main" [_thread_in_vm, id=2964, stack(0x000000f9ca100000,0x000000f9ca200000)]
  0x0000024dfff16d80 JavaThread "Reference Handler" daemon [_thread_blocked, id=19524, stack(0x000000f9ca800000,0x000000f9ca900000)]
  0x0000024dfff1a670 JavaThread "Finalizer" daemon [_thread_blocked, id=3788, stack(0x000000f9ca900000,0x000000f9caa00000)]
  0x0000024dfff30f60 JavaThread "Signal Dispatcher" daemon [_thread_blocked, id=1972, stack(0x000000f9caa00000,0x000000f9cab00000)]
  0x0000024dfff31530 JavaThread "Attach Listener" daemon [_thread_blocked, id=12120, stack(0x000000f9cab00000,0x000000f9cac00000)]
  0x0000024dfff32670 JavaThread "Service Thread" daemon [_thread_blocked, id=12128, stack(0x000000f9cac00000,0x000000f9cad00000)]
  0x0000024dfff377c0 JavaThread "Monitor Deflation Thread" daemon [_thread_blocked, id=18880, stack(0x000000f9cad00000,0x000000f9cae00000)]
  0x0000024dfff39480 JavaThread "C2 CompilerThread0" daemon [_thread_blocked, id=3164, stack(0x000000f9cae00000,0x000000f9caf00000)]
  0x0000024dfff3b5d0 JavaThread "C1 CompilerThread0" daemon [_thread_blocked, id=20216, stack(0x000000f9caf00000,0x000000f9cb000000)]
  0x0000024dfff3e220 JavaThread "Sweeper thread" daemon [_thread_blocked, id=20372, stack(0x000000f9cb000000,0x000000f9cb100000)]
  0x0000024dd82206d0 JavaThread "Common-Cleaner" daemon [_thread_blocked, id=11324, stack(0x000000f9cb100000,0x000000f9cb200000)]
=>0x0000024dd8361900 JavaThread "C2 CompilerThread1" daemon [_thread_in_native, id=9036, stack(0x000000f9cb200000,0x000000f9cb300000)]
  0x0000024dd85b3520 JavaThread "Monitor Ctrl-Break" daemon [_thread_in_native, id=18196, stack(0x000000f9cb300000,0x000000f9cb400000)]
  0x0000024dd844b860 JavaThread "Notification Thread" daemon [_thread_blocked, id=20268, stack(0x000000f9cb400000,0x000000f9cb500000)]

Other Threads:
  0x0000024dfff12640 VMThread "VM Thread" [stack: 0x000000f9ca700000,0x000000f9ca800000] [id=12048]
  0x0000024dd85b3a00 WatcherThread [stack: 0x000000f9cb500000,0x000000f9cb600000] [id=13480]
  0x0000024df260ecc0 GCTaskThread "GC Thread#0" [stack: 0x000000f9ca200000,0x000000f9ca300000] [id=19316]
  0x0000024dd8ef5590 GCTaskThread "GC Thread#1" [stack: 0x000000f9cb600000,0x000000f9cb700000] [id=19336]
  0x0000024dd8e46cb0 GCTaskThread "GC Thread#2" [stack: 0x000000f9cb700000,0x000000f9cb800000] [id=15096]
  0x0000024dd89fd7d0 GCTaskThread "GC Thread#3" [stack: 0x000000f9cb800000,0x000000f9cb900000] [id=5052]
  0x0000024dd8e64880 GCTaskThread "GC Thread#4" [stack: 0x000000f9cb900000,0x000000f9cba00000] [id=10560]
  0x0000024df4850410 ConcurrentGCThread "G1 Main Marker" [stack: 0x000000f9ca300000,0x000000f9ca400000] [id=6464]
  0x0000024df4852850 ConcurrentGCThread "G1 Conc#0" [stack: 0x000000f9ca400000,0x000000f9ca500000] [id=3104]
  0x0000024dffdba280 ConcurrentGCThread "G1 Refine#0" [stack: 0x000000f9ca500000,0x000000f9ca600000] [id=13832]
  0x0000024dffdba760 ConcurrentGCThread "G1 Service" [stack: 0x000000f9ca600000,0x000000f9ca700000] [id=18620]

Threads with active compile tasks:
C2 CompilerThread1      928 1273       4       org.springframework.util.ConcurrentReferenceHashMap$Segment::restructureIfNecessary (56 bytes)

VM state: not at safepoint (normal execution)

VM Mutex/Monitor currently owned by a thread: None

Heap address: 0x0000000085800000, size: 1960 MB, Compressed Oops mode: 32-bit

CDS archive(s) mapped at: [0x0000024d93000000-0x0000024d93bb0000-0x0000024d93bb0000), size 12255232, SharedBaseAddress: 0x0000024d93000000, ArchiveRelocationMode: 1.
Compressed class space mapped at: 0x0000024d94000000-0x0000024dd4000000, reserved size: 1073741824
Narrow klass base: 0x0000024d93000000, Narrow klass shift: 0, Narrow klass range: 0x100000000

GC Precious Log:
 CPUs: 12 total, 12 available
 Memory: 7832M
 Large Page Support: Disabled
 NUMA Support: Disabled
 Compressed Oops: Enabled (32-bit)
 Heap Region Size: 1M
 Heap Min Capacity: 8M
 Heap Initial Capacity: 124M
 Heap Max Capacity: 1960M
 Pre-touch: Disabled
 Parallel Workers: 10
 Concurrent Workers: 3
 Concurrent Refinement Workers: 10
 Periodic GC: Disabled

Heap:
 garbage-first heap   total 126976K, used 16424K [0x0000000085800000, 0x0000000100000000)
  region size 1024K, 10 young (10240K), 3 survivors (3072K)
 Metaspace       used 6666K, committed 6848K, reserved 1114112K
  class space    used 788K, committed 896K, reserved 1048576K

Heap Regions: E=young(eden), S=young(survivor), O=old, HS=humongous(starts), HC=humongous(continues), CS=collection set, F=free, OA=open archive, CA=closed archive, TAMS=top-at-mark-start (previous, next)
|   0|0x0000000085800000, 0x0000000085900000, 0x0000000085900000|100%|HS|  |TAMS 0x0000000085800000, 0x0000000085800000| Complete 
|   1|0x0000000085900000, 0x0000000085a00000, 0x0000000085a00000|100%|HS|  |TAMS 0x0000000085900000, 0x0000000085900000| Complete 
|   2|0x0000000085a00000, 0x0000000085a00000, 0x0000000085b00000|  0%| F|  |TAMS 0x0000000085a00000, 0x0000000085a00000| Untracked 
|   3|0x0000000085b00000, 0x0000000085c00000, 0x0000000085c00000|100%| O|  |TAMS 0x0000000085b00000, 0x0000000085b00000| Untracked 
|   4|0x0000000085c00000, 0x0000000085d00000, 0x0000000085d00000|100%| O|  |TAMS 0x0000000085c00000, 0x0000000085c00000| Untracked 
|   5|0x0000000085d00000, 0x0000000085e00000, 0x0000000085e00000|100%| O|  |TAMS 0x0000000085d00000, 0x0000000085d00000| Untracked 
|   6|0x0000000085e00000, 0x0000000085f00000, 0x0000000085f00000|100%| O|  |TAMS 0x0000000085e00000, 0x0000000085e00000| Untracked 
|   7|0x0000000085f00000, 0x0000000086000000, 0x0000000086000000|100%| O|  |TAMS 0x0000000085f00000, 0x0000000085f00000| Untracked 
|   8|0x0000000086000000, 0x000000008600a000, 0x0000000086100000|  3%| O|  |TAMS 0x0000000086000000, 0x0000000086000000| Untracked 
|   9|0x0000000086100000, 0x0000000086100000, 0x0000000086200000|  0%| F|  |TAMS 0x0000000086100000, 0x0000000086100000| Untracked 
|  10|0x0000000086200000, 0x0000000086200000, 0x0000000086300000|  0%| F|  |TAMS 0x0000000086200000, 0x0000000086200000| Untracked 
|  11|0x0000000086300000, 0x0000000086300000, 0x0000000086400000|  0%| F|  |TAMS 0x0000000086300000, 0x0000000086300000| Untracked 
|  12|0x0000000086400000, 0x0000000086400000, 0x0000000086500000|  0%| F|  |TAMS 0x0000000086400000, 0x0000000086400000| Untracked 
|  13|0x0000000086500000, 0x0000000086500000, 0x0000000086600000|  0%| F|  |TAMS 0x0000000086500000, 0x0000000086500000| Untracked 
|  14|0x0000000086600000, 0x0000000086600000, 0x0000000086700000|  0%| F|  |TAMS 0x0000000086600000, 0x0000000086600000| Untracked 
|  15|0x0000000086700000, 0x0000000086700000, 0x0000000086800000|  0%| F|  |TAMS 0x0000000086700000, 0x0000000086700000| Untracked 
|  16|0x0000000086800000, 0x0000000086800000, 0x0000000086900000|  0%| F|  |TAMS 0x0000000086800000, 0x0000000086800000| Untracked 
|  17|0x0000000086900000, 0x0000000086900000, 0x0000000086a00000|  0%| F|  |TAMS 0x0000000086900000, 0x0000000086900000| Untracked 
|  18|0x0000000086a00000, 0x0000000086a00000, 0x0000000086b00000|  0%| F|  |TAMS 0x0000000086a00000, 0x0000000086a00000| Untracked 
|  19|0x0000000086b00000, 0x0000000086b00000, 0x0000000086c00000|  0%| F|  |TAMS 0x0000000086b00000, 0x0000000086b00000| Untracked 
|  20|0x0000000086c00000, 0x0000000086c00000, 0x0000000086d00000|  0%| F|  |TAMS 0x0000000086c00000, 0x0000000086c00000| Untracked 
|  21|0x0000000086d00000, 0x0000000086d00000, 0x0000000086e00000|  0%| F|  |TAMS 0x0000000086d00000, 0x0000000086d00000| Untracked 
|  22|0x0000000086e00000, 0x0000000086e00000, 0x0000000086f00000|  0%| F|  |TAMS 0x0000000086e00000, 0x0000000086e00000| Untracked 
|  23|0x0000000086f00000, 0x0000000086f00000, 0x0000000087000000|  0%| F|  |TAMS 0x0000000086f00000, 0x0000000086f00000| Untracked 
|  24|0x0000000087000000, 0x0000000087000000, 0x0000000087100000|  0%| F|  |TAMS 0x0000000087000000, 0x0000000087000000| Untracked 
|  25|0x0000000087100000, 0x0000000087100000, 0x0000000087200000|  0%| F|  |TAMS 0x0000000087100000, 0x0000000087100000| Untracked 
|  26|0x0000000087200000, 0x0000000087200000, 0x0000000087300000|  0%| F|  |TAMS 0x0000000087200000, 0x0000000087200000| Untracked 
|  27|0x0000000087300000, 0x0000000087300000, 0x0000000087400000|  0%| F|  |TAMS 0x0000000087300000, 0x0000000087300000| Untracked 
|  28|0x0000000087400000, 0x0000000087400000, 0x0000000087500000|  0%| F|  |TAMS 0x0000000087400000, 0x0000000087400000| Untracked 
|  29|0x0000000087500000, 0x0000000087500000, 0x0000000087600000|  0%| F|  |TAMS 0x0000000087500000, 0x0000000087500000| Untracked 
|  30|0x0000000087600000, 0x0000000087600000, 0x0000000087700000|  0%| F|  |TAMS 0x0000000087600000, 0x0000000087600000| Untracked 
|  31|0x0000000087700000, 0x0000000087700000, 0x0000000087800000|  0%| F|  |TAMS 0x0000000087700000, 0x0000000087700000| Untracked 
|  32|0x0000000087800000, 0x0000000087800000, 0x0000000087900000|  0%| F|  |TAMS 0x0000000087800000, 0x0000000087800000| Untracked 
|  33|0x0000000087900000, 0x0000000087900000, 0x0000000087a00000|  0%| F|  |TAMS 0x0000000087900000, 0x0000000087900000| Untracked 
|  34|0x0000000087a00000, 0x0000000087a00000, 0x0000000087b00000|  0%| F|  |TAMS 0x0000000087a00000, 0x0000000087a00000| Untracked 
|  35|0x0000000087b00000, 0x0000000087b00000, 0x0000000087c00000|  0%| F|  |TAMS 0x0000000087b00000, 0x0000000087b00000| Untracked 
|  36|0x0000000087c00000, 0x0000000087c00000, 0x0000000087d00000|  0%| F|  |TAMS 0x0000000087c00000, 0x0000000087c00000| Untracked 
|  37|0x0000000087d00000, 0x0000000087d00000, 0x0000000087e00000|  0%| F|  |TAMS 0x0000000087d00000, 0x0000000087d00000| Untracked 
|  38|0x0000000087e00000, 0x0000000087e00000, 0x0000000087f00000|  0%| F|  |TAMS 0x0000000087e00000, 0x0000000087e00000| Untracked 
|  39|0x0000000087f00000, 0x0000000087f00000, 0x0000000088000000|  0%| F|  |TAMS 0x0000000087f00000, 0x0000000087f00000| Untracked 
|  40|0x0000000088000000, 0x0000000088000000, 0x0000000088100000|  0%| F|  |TAMS 0x0000000088000000, 0x0000000088000000| Untracked 
|  41|0x0000000088100000, 0x0000000088100000, 0x0000000088200000|  0%| F|  |TAMS 0x0000000088100000, 0x0000000088100000| Untracked 
|  42|0x0000000088200000, 0x0000000088200000, 0x0000000088300000|  0%| F|  |TAMS 0x0000000088200000, 0x0000000088200000| Untracked 
|  43|0x0000000088300000, 0x0000000088300000, 0x0000000088400000|  0%| F|  |TAMS 0x0000000088300000, 0x0000000088300000| Untracked 
|  44|0x0000000088400000, 0x0000000088400000, 0x0000000088500000|  0%| F|  |TAMS 0x0000000088400000, 0x0000000088400000| Untracked 
|  45|0x0000000088500000, 0x0000000088500000, 0x0000000088600000|  0%| F|  |TAMS 0x0000000088500000, 0x0000000088500000| Untracked 
|  46|0x0000000088600000, 0x0000000088600000, 0x0000000088700000|  0%| F|  |TAMS 0x0000000088600000, 0x0000000088600000| Untracked 
|  47|0x0000000088700000, 0x0000000088700000, 0x0000000088800000|  0%| F|  |TAMS 0x0000000088700000, 0x0000000088700000| Untracked 
|  48|0x0000000088800000, 0x0000000088800000, 0x0000000088900000|  0%| F|  |TAMS 0x0000000088800000, 0x0000000088800000| Untracked 
|  49|0x0000000088900000, 0x0000000088900000, 0x0000000088a00000|  0%| F|  |TAMS 0x0000000088900000, 0x0000000088900000| Untracked 
|  50|0x0000000088a00000, 0x0000000088a00000, 0x0000000088b00000|  0%| F|  |TAMS 0x0000000088a00000, 0x0000000088a00000| Untracked 
|  51|0x0000000088b00000, 0x0000000088b00000, 0x0000000088c00000|  0%| F|  |TAMS 0x0000000088b00000, 0x0000000088b00000| Untracked 
|  52|0x0000000088c00000, 0x0000000088c00000, 0x0000000088d00000|  0%| F|  |TAMS 0x0000000088c00000, 0x0000000088c00000| Untracked 
|  53|0x0000000088d00000, 0x0000000088d00000, 0x0000000088e00000|  0%| F|  |TAMS 0x0000000088d00000, 0x0000000088d00000| Untracked 
|  54|0x0000000088e00000, 0x0000000088e00000, 0x0000000088f00000|  0%| F|  |TAMS 0x0000000088e00000, 0x0000000088e00000| Untracked 
|  55|0x0000000088f00000, 0x0000000088f00000, 0x0000000089000000|  0%| F|  |TAMS 0x0000000088f00000, 0x0000000088f00000| Untracked 
|  56|0x0000000089000000, 0x0000000089000000, 0x0000000089100000|  0%| F|  |TAMS 0x0000000089000000, 0x0000000089000000| Untracked 
|  57|0x0000000089100000, 0x0000000089100000, 0x0000000089200000|  0%| F|  |TAMS 0x0000000089100000, 0x0000000089100000| Untracked 
|  58|0x0000000089200000, 0x0000000089200000, 0x0000000089300000|  0%| F|  |TAMS 0x0000000089200000, 0x0000000089200000| Untracked 
|  59|0x0000000089300000, 0x0000000089300000, 0x0000000089400000|  0%| F|  |TAMS 0x0000000089300000, 0x0000000089300000| Untracked 
|  60|0x0000000089400000, 0x0000000089400000, 0x0000000089500000|  0%| F|  |TAMS 0x0000000089400000, 0x0000000089400000| Untracked 
|  61|0x0000000089500000, 0x0000000089500000, 0x0000000089600000|  0%| F|  |TAMS 0x0000000089500000, 0x0000000089500000| Untracked 
|  62|0x0000000089600000, 0x0000000089600000, 0x0000000089700000|  0%| F|  |TAMS 0x0000000089600000, 0x0000000089600000| Untracked 
|  63|0x0000000089700000, 0x0000000089700000, 0x0000000089800000|  0%| F|  |TAMS 0x0000000089700000, 0x0000000089700000| Untracked 
|  64|0x0000000089800000, 0x0000000089800000, 0x0000000089900000|  0%| F|  |TAMS 0x0000000089800000, 0x0000000089800000| Untracked 
|  65|0x0000000089900000, 0x0000000089900000, 0x0000000089a00000|  0%| F|  |TAMS 0x0000000089900000, 0x0000000089900000| Untracked 
|  66|0x0000000089a00000, 0x0000000089a00000, 0x0000000089b00000|  0%| F|  |TAMS 0x0000000089a00000, 0x0000000089a00000| Untracked 
|  67|0x0000000089b00000, 0x0000000089b00000, 0x0000000089c00000|  0%| F|  |TAMS 0x0000000089b00000, 0x0000000089b00000| Untracked 
|  68|0x0000000089c00000, 0x0000000089c00000, 0x0000000089d00000|  0%| F|  |TAMS 0x0000000089c00000, 0x0000000089c00000| Untracked 
|  69|0x0000000089d00000, 0x0000000089d00000, 0x0000000089e00000|  0%| F|  |TAMS 0x0000000089d00000, 0x0000000089d00000| Untracked 
|  70|0x0000000089e00000, 0x0000000089e00000, 0x0000000089f00000|  0%| F|  |TAMS 0x0000000089e00000, 0x0000000089e00000| Untracked 
|  71|0x0000000089f00000, 0x0000000089f00000, 0x000000008a000000|  0%| F|  |TAMS 0x0000000089f00000, 0x0000000089f00000| Untracked 
|  72|0x000000008a000000, 0x000000008a000000, 0x000000008a100000|  0%| F|  |TAMS 0x000000008a000000, 0x000000008a000000| Untracked 
|  73|0x000000008a100000, 0x000000008a100000, 0x000000008a200000|  0%| F|  |TAMS 0x000000008a100000, 0x000000008a100000| Untracked 
|  74|0x000000008a200000, 0x000000008a200000, 0x000000008a300000|  0%| F|  |TAMS 0x000000008a200000, 0x000000008a200000| Untracked 
|  75|0x000000008a300000, 0x000000008a300000, 0x000000008a400000|  0%| F|  |TAMS 0x000000008a300000, 0x000000008a300000| Untracked 
|  76|0x000000008a400000, 0x000000008a400000, 0x000000008a500000|  0%| F|  |TAMS 0x000000008a400000, 0x000000008a400000| Untracked 
|  77|0x000000008a500000, 0x000000008a500000, 0x000000008a600000|  0%| F|  |TAMS 0x000000008a500000, 0x000000008a500000| Untracked 
|  78|0x000000008a600000, 0x000000008a600000, 0x000000008a700000|  0%| F|  |TAMS 0x000000008a600000, 0x000000008a600000| Untracked 
|  79|0x000000008a700000, 0x000000008a700000, 0x000000008a800000|  0%| F|  |TAMS 0x000000008a700000, 0x000000008a700000| Untracked 
|  80|0x000000008a800000, 0x000000008a800000, 0x000000008a900000|  0%| F|  |TAMS 0x000000008a800000, 0x000000008a800000| Untracked 
|  81|0x000000008a900000, 0x000000008a900000, 0x000000008aa00000|  0%| F|  |TAMS 0x000000008a900000, 0x000000008a900000| Untracked 
|  82|0x000000008aa00000, 0x000000008aa00000, 0x000000008ab00000|  0%| F|  |TAMS 0x000000008aa00000, 0x000000008aa00000| Untracked 
|  83|0x000000008ab00000, 0x000000008ab00000, 0x000000008ac00000|  0%| F|  |TAMS 0x000000008ab00000, 0x000000008ab00000| Untracked 
|  84|0x000000008ac00000, 0x000000008ac00000, 0x000000008ad00000|  0%| F|  |TAMS 0x000000008ac00000, 0x000000008ac00000| Untracked 
|  85|0x000000008ad00000, 0x000000008ad00000, 0x000000008ae00000|  0%| F|  |TAMS 0x000000008ad00000, 0x000000008ad00000| Untracked 
|  86|0x000000008ae00000, 0x000000008ae00000, 0x000000008af00000|  0%| F|  |TAMS 0x000000008ae00000, 0x000000008ae00000| Untracked 
|  87|0x000000008af00000, 0x000000008af00000, 0x000000008b000000|  0%| F|  |TAMS 0x000000008af00000, 0x000000008af00000| Untracked 
|  88|0x000000008b000000, 0x000000008b000000, 0x000000008b100000|  0%| F|  |TAMS 0x000000008b000000, 0x000000008b000000| Untracked 
|  89|0x000000008b100000, 0x000000008b100000, 0x000000008b200000|  0%| F|  |TAMS 0x000000008b100000, 0x000000008b100000| Untracked 
|  90|0x000000008b200000, 0x000000008b200000, 0x000000008b300000|  0%| F|  |TAMS 0x000000008b200000, 0x000000008b200000| Untracked 
|  91|0x000000008b300000, 0x000000008b300000, 0x000000008b400000|  0%| F|  |TAMS 0x000000008b300000, 0x000000008b300000| Untracked 
|  92|0x000000008b400000, 0x000000008b400000, 0x000000008b500000|  0%| F|  |TAMS 0x000000008b400000, 0x000000008b400000| Untracked 
|  93|0x000000008b500000, 0x000000008b500000, 0x000000008b600000|  0%| F|  |TAMS 0x000000008b500000, 0x000000008b500000| Untracked 
|  94|0x000000008b600000, 0x000000008b600000, 0x000000008b700000|  0%| F|  |TAMS 0x000000008b600000, 0x000000008b600000| Untracked 
|  95|0x000000008b700000, 0x000000008b700000, 0x000000008b800000|  0%| F|  |TAMS 0x000000008b700000, 0x000000008b700000| Untracked 
|  96|0x000000008b800000, 0x000000008b800000, 0x000000008b900000|  0%| F|  |TAMS 0x000000008b800000, 0x000000008b800000| Untracked 
|  97|0x000000008b900000, 0x000000008b900000, 0x000000008ba00000|  0%| F|  |TAMS 0x000000008b900000, 0x000000008b900000| Untracked 
|  98|0x000000008ba00000, 0x000000008bb00000, 0x000000008bb00000|100%| S|CS|TAMS 0x000000008ba00000, 0x000000008ba00000| Complete 
|  99|0x000000008bb00000, 0x000000008bc00000, 0x000000008bc00000|100%| S|CS|TAMS 0x000000008bb00000, 0x000000008bb00000| Complete 
| 100|0x000000008bc00000, 0x000000008bd00000, 0x000000008bd00000|100%| S|CS|TAMS 0x000000008bc00000, 0x000000008bc00000| Complete 
| 101|0x000000008bd00000, 0x000000008bd00000, 0x000000008be00000|  0%| F|  |TAMS 0x000000008bd00000, 0x000000008bd00000| Untracked 
| 102|0x000000008be00000, 0x000000008be00000, 0x000000008bf00000|  0%| F|  |TAMS 0x000000008be00000, 0x000000008be00000| Untracked 
| 103|0x000000008bf00000, 0x000000008bf00000, 0x000000008c000000|  0%| F|  |TAMS 0x000000008bf00000, 0x000000008bf00000| Untracked 
| 104|0x000000008c000000, 0x000000008c000000, 0x000000008c100000|  0%| F|  |TAMS 0x000000008c000000, 0x000000008c000000| Untracked 
| 105|0x000000008c100000, 0x000000008c100000, 0x000000008c200000|  0%| F|  |TAMS 0x000000008c100000, 0x000000008c100000| Untracked 
| 106|0x000000008c200000, 0x000000008c200000, 0x000000008c300000|  0%| F|  |TAMS 0x000000008c200000, 0x000000008c200000| Untracked 
| 107|0x000000008c300000, 0x000000008c300000, 0x000000008c400000|  0%| F|  |TAMS 0x000000008c300000, 0x000000008c300000| Untracked 
| 108|0x000000008c400000, 0x000000008c400000, 0x000000008c500000|  0%| F|  |TAMS 0x000000008c400000, 0x000000008c400000| Untracked 
| 109|0x000000008c500000, 0x000000008c500000, 0x000000008c600000|  0%| F|  |TAMS 0x000000008c500000, 0x000000008c500000| Untracked 
| 110|0x000000008c600000, 0x000000008c600000, 0x000000008c700000|  0%| F|  |TAMS 0x000000008c600000, 0x000000008c600000| Untracked 
| 111|0x000000008c700000, 0x000000008c700000, 0x000000008c800000|  0%| F|  |TAMS 0x000000008c700000, 0x000000008c700000| Untracked 
| 112|0x000000008c800000, 0x000000008c800000, 0x000000008c900000|  0%| F|  |TAMS 0x000000008c800000, 0x000000008c800000| Untracked 
| 113|0x000000008c900000, 0x000000008c900000, 0x000000008ca00000|  0%| F|  |TAMS 0x000000008c900000, 0x000000008c900000| Untracked 
| 114|0x000000008ca00000, 0x000000008ca00000, 0x000000008cb00000|  0%| F|  |TAMS 0x000000008ca00000, 0x000000008ca00000| Untracked 
| 115|0x000000008cb00000, 0x000000008cb00000, 0x000000008cc00000|  0%| F|  |TAMS 0x000000008cb00000, 0x000000008cb00000| Untracked 
| 116|0x000000008cc00000, 0x000000008cc00000, 0x000000008cd00000|  0%| F|  |TAMS 0x000000008cc00000, 0x000000008cc00000| Untracked 
| 117|0x000000008cd00000, 0x000000008cd80000, 0x000000008ce00000| 50%| E|  |TAMS 0x000000008cd00000, 0x000000008cd00000| Complete 
| 118|0x000000008ce00000, 0x000000008cf00000, 0x000000008cf00000|100%| E|CS|TAMS 0x000000008ce00000, 0x000000008ce00000| Complete 
| 119|0x000000008cf00000, 0x000000008d000000, 0x000000008d000000|100%| E|CS|TAMS 0x000000008cf00000, 0x000000008cf00000| Complete 
| 120|0x000000008d000000, 0x000000008d100000, 0x000000008d100000|100%| E|CS|TAMS 0x000000008d000000, 0x000000008d000000| Complete 
| 121|0x000000008d100000, 0x000000008d200000, 0x000000008d200000|100%| E|CS|TAMS 0x000000008d100000, 0x000000008d100000| Complete 
| 122|0x000000008d200000, 0x000000008d300000, 0x000000008d300000|100%| E|CS|TAMS 0x000000008d200000, 0x000000008d200000| Complete 
| 123|0x000000008d300000, 0x000000008d400000, 0x000000008d400000|100%| E|CS|TAMS 0x000000008d300000, 0x000000008d300000| Complete 

Card table byte_map: [0x0000024dfcc40000,0x0000024dfd020000] _byte_map_base: 0x0000024dfc814000

Marking Bits (Prev, Next): (CMBitMap*) 0x0000024df4840480, (CMBitMap*) 0x0000024df48404c0
 Prev Bits: [0x0000024dfd400000, 0x0000024dff2a0000)
 Next Bits: [0x0000024d8f000000, 0x0000024d90ea0000)

Polling page: 0x0000024df2700000

Metaspace:

Usage:
  Non-class:      5.76 MB used.
      Class:    791.75 KB used.
       Both:      6.54 MB used.

Virtual space:
  Non-class space:       64.00 MB reserved,       5.88 MB (  9%) committed,  1 nodes.
      Class space:        1.00 GB reserved,     896.00 KB ( <1%) committed,  1 nodes.
             Both:        1.06 GB reserved,       6.75 MB ( <1%) committed. 

Chunk freelists:
   Non-Class:  8.91 MB
       Class:  14.95 MB
        Both:  23.86 MB

MaxMetaspaceSize: unlimited
CompressedClassSpaceSize: 1.00 GB
Initial GC threshold: 21.00 MB
Current GC threshold: 21.00 MB
CDS: on
MetaspaceReclaimPolicy: balanced
 - commit_granule_bytes: 65536.
 - commit_granule_words: 8192.
 - virtual_space_node_default_size: 8388608.
 - enlarge_chunks_in_place: 1.
 - new_chunks_are_fully_committed: 0.
 - uncommit_free_chunks: 1.
 - use_allocation_guard: 0.
 - handle_deallocations: 1.


Internal statistics:

num_allocs_failed_limit: 0.
num_arena_births: 114.
num_arena_deaths: 0.
num_vsnodes_births: 2.
num_vsnodes_deaths: 0.
num_space_committed: 108.
num_space_uncommitted: 0.
num_chunks_returned_to_freelist: 0.
num_chunks_taken_from_freelist: 310.
num_chunk_merges: 0.
num_chunk_splits: 192.
num_chunks_enlarged: 141.
num_inconsistent_stats: 0.

CodeHeap 'non-profiled nmethods': size=120000Kb used=514Kb max_used=514Kb free=119485Kb
 bounds [0x0000024d87ad0000, 0x0000024d87d40000, 0x0000024d8f000000]
CodeHeap 'profiled nmethods': size=120000Kb used=2344Kb max_used=2344Kb free=117655Kb
 bounds [0x0000024d80000000, 0x0000024d80270000, 0x0000024d87530000]
CodeHeap 'non-nmethods': size=5760Kb used=1150Kb max_used=1185Kb free=4609Kb
 bounds [0x0000024d87530000, 0x0000024d877a0000, 0x0000024d87ad0000]
 total_blobs=1736 nmethods=1298 adapters=351
 compilation: enabled
              stopped_count=0, restarted_count=0
 full_count=0

Compilation events (20 events):
Event: 0.904 Thread 0x0000024dd8361900 nmethod 1257 0x0000024d87b4b190 code [0x0000024d87b4b320, 0x0000024d87b4b998]
Event: 0.904 Thread 0x0000024dd8361900 1264       4       jdk.internal.misc.Unsafe::allocateUninitializedArray (55 bytes)
Event: 0.905 Thread 0x0000024dd8361900 nmethod 1264 0x0000024d87b4bd10 code [0x0000024d87b4bea0, 0x0000024d87b4c078]
Event: 0.906 Thread 0x0000024dfff39480 nmethod 1233% 0x0000024d87b4c210 code [0x0000024d87b4c5a0, 0x0000024d87b4e620]
Event: 0.907 Thread 0x0000024dfff3b5d0 1265       3       java.util.concurrent.CopyOnWriteArrayList::size (6 bytes)
Event: 0.907 Thread 0x0000024dfff3b5d0 nmethod 1265 0x0000024d80236c10 code [0x0000024d80236da0, 0x0000024d80236ed8]
Event: 0.907 Thread 0x0000024dfff3b5d0 1266       3       org.springframework.core.ResolvableType::getGenerics (171 bytes)
Event: 0.907 Thread 0x0000024dd8361900 1273       4       org.springframework.util.ConcurrentReferenceHashMap$Segment::restructureIfNecessary (56 bytes)
Event: 0.908 Thread 0x0000024dfff3b5d0 nmethod 1266 0x0000024d80236f90 code [0x0000024d802372a0, 0x0000024d80238bb8]
Event: 0.908 Thread 0x0000024dfff3b5d0 1268       3       java.lang.invoke.VarHandleReferences$FieldInstanceReadWrite::compareAndSet (48 bytes)
Event: 0.908 Thread 0x0000024dfff3b5d0 nmethod 1268 0x0000024d80239210 code [0x0000024d80239480, 0x0000024d80239ee8]
Event: 0.908 Thread 0x0000024dfff3b5d0 1269       3       org.springframework.core.convert.support.GenericConversionService$Converters::getMatchableConverters (19 bytes)
Event: 0.909 Thread 0x0000024dfff3b5d0 nmethod 1269 0x0000024d8023a290 code [0x0000024d8023a460, 0x0000024d8023a888]
Event: 0.909 Thread 0x0000024dfff3b5d0 1270       3       org.springframework.core.convert.support.GenericConversionService$ConvertersForPair::add (11 bytes)
Event: 0.909 Thread 0x0000024dfff3b5d0 nmethod 1270 0x0000024d8023aa10 code [0x0000024d8023abc0, 0x0000024d8023ad88]
Event: 0.909 Thread 0x0000024dfff3b5d0 1267       3       org.springframework.core.ResolvableType::as (86 bytes)
Event: 0.909 Thread 0x0000024dfff3b5d0 nmethod 1267 0x0000024d8023ae90 code [0x0000024d8023b0a0, 0x0000024d8023b798]
Event: 0.909 Thread 0x0000024dfff3b5d0 1274       3       java.util.concurrent.ConcurrentLinkedDeque::addFirst (6 bytes)
Event: 0.909 Thread 0x0000024dfff3b5d0 nmethod 1274 0x0000024d8023b990 code [0x0000024d8023bb20, 0x0000024d8023bc68]
Event: 0.909 Thread 0x0000024dfff3b5d0 1275       3       java.util.concurrent.ConcurrentLinkedDeque::linkFirst (114 bytes)

GC Heap History (2 events):
Event: 0.721 GC heap before
{Heap before GC invocations=0 (full 0):
 garbage-first heap   total 126976K, used 25600K [0x0000000085800000, 0x0000000100000000)
  region size 1024K, 23 young (23552K), 0 survivors (0K)
 Metaspace       used 5156K, committed 5312K, reserved 1114112K
  class space    used 581K, committed 640K, reserved 1048576K
}
Event: 0.729 GC heap after
{Heap after GC invocations=1 (full 0):
 garbage-first heap   total 126976K, used 10280K [0x0000000085800000, 0x0000000100000000)
  region size 1024K, 3 young (3072K), 3 survivors (3072K)
 Metaspace       used 5156K, committed 5312K, reserved 1114112K
  class space    used 581K, committed 640K, reserved 1048576K
}

Dll operation events (10 events):
Event: 0.009 Loaded shared library C:\Users\luisb\.jdks\corretto-17.0.13\bin\java.dll
Event: 0.025 Loaded shared library C:\Users\luisb\.jdks\corretto-17.0.13\bin\jsvml.dll
Event: 0.119 Loaded shared library C:\Users\luisb\.jdks\corretto-17.0.13\bin\zip.dll
Event: 0.123 Loaded shared library C:\Users\luisb\.jdks\corretto-17.0.13\bin\instrument.dll
Event: 0.129 Loaded shared library C:\Users\luisb\.jdks\corretto-17.0.13\bin\net.dll
Event: 0.130 Loaded shared library C:\Users\luisb\.jdks\corretto-17.0.13\bin\nio.dll
Event: 0.132 Loaded shared library C:\Users\luisb\.jdks\corretto-17.0.13\bin\zip.dll
Event: 0.306 Loaded shared library C:\Program Files\JetBrains\IntelliJ IDEA Community Edition 2024.2.3\bin\breakgen64.dll
Event: 0.316 Loaded shared library C:\Users\luisb\.jdks\corretto-17.0.13\bin\extnet.dll
Event: 0.353 Loaded shared library C:\Users\luisb\.jdks\corretto-17.0.13\bin\jimage.dll

Deoptimization events (20 events):
Event: 0.718 Thread 0x0000024df47eb850 DEOPT PACKING pc=0x0000024d87b2747c sp=0x000000f9ca1fdc10
Event: 0.718 Thread 0x0000024df47eb850 DEOPT UNPACKING pc=0x0000024d875869a3 sp=0x000000f9ca1fdb40 mode 2
Event: 0.734 Thread 0x0000024df47eb850 DEOPT PACKING pc=0x0000024d800d3ce0 sp=0x000000f9ca1fcf20
Event: 0.734 Thread 0x0000024df47eb850 DEOPT UNPACKING pc=0x0000024d87587143 sp=0x000000f9ca1fc438 mode 0
Event: 0.905 Thread 0x0000024df47eb850 Uncommon trap: trap_request=0xffffffde fr.pc=0x0000024d87b4bfb4 relative=0x0000000000000114
Event: 0.905 Thread 0x0000024df47eb850 Uncommon trap: reason=class_check action=maybe_recompile pc=0x0000024d87b4bfb4 method=jdk.internal.misc.Unsafe.allocateUninitializedArray(Ljava/lang/Class;I)Ljava/lang/Object; @ 51 c2
Event: 0.905 Thread 0x0000024df47eb850 DEOPT PACKING pc=0x0000024d87b4bfb4 sp=0x000000f9ca1fcbe0
Event: 0.905 Thread 0x0000024df47eb850 DEOPT UNPACKING pc=0x0000024d875869a3 sp=0x000000f9ca1fcb68 mode 2
Event: 0.905 Thread 0x0000024df47eb850 Uncommon trap: trap_request=0xffffffde fr.pc=0x0000024d87b4bfb4 relative=0x0000000000000114
Event: 0.905 Thread 0x0000024df47eb850 Uncommon trap: reason=class_check action=maybe_recompile pc=0x0000024d87b4bfb4 method=jdk.internal.misc.Unsafe.allocateUninitializedArray(Ljava/lang/Class;I)Ljava/lang/Object; @ 51 c2
Event: 0.905 Thread 0x0000024df47eb850 DEOPT PACKING pc=0x0000024d87b4bfb4 sp=0x000000f9ca1fc7e0
Event: 0.905 Thread 0x0000024df47eb850 DEOPT UNPACKING pc=0x0000024d875869a3 sp=0x000000f9ca1fc768 mode 2
Event: 0.908 Thread 0x0000024df47eb850 Uncommon trap: trap_request=0xffffffde fr.pc=0x0000024d87b4bfb4 relative=0x0000000000000114
Event: 0.908 Thread 0x0000024df47eb850 Uncommon trap: reason=class_check action=maybe_recompile pc=0x0000024d87b4bfb4 method=jdk.internal.misc.Unsafe.allocateUninitializedArray(Ljava/lang/Class;I)Ljava/lang/Object; @ 51 c2
Event: 0.908 Thread 0x0000024df47eb850 DEOPT PACKING pc=0x0000024d87b4bfb4 sp=0x000000f9ca1fc280
Event: 0.908 Thread 0x0000024df47eb850 DEOPT UNPACKING pc=0x0000024d875869a3 sp=0x000000f9ca1fc208 mode 2
Event: 0.908 Thread 0x0000024df47eb850 Uncommon trap: trap_request=0xffffffde fr.pc=0x0000024d87b4bfb4 relative=0x0000000000000114
Event: 0.908 Thread 0x0000024df47eb850 Uncommon trap: reason=class_check action=maybe_recompile pc=0x0000024d87b4bfb4 method=jdk.internal.misc.Unsafe.allocateUninitializedArray(Ljava/lang/Class;I)Ljava/lang/Object; @ 51 c2
Event: 0.908 Thread 0x0000024df47eb850 DEOPT PACKING pc=0x0000024d87b4bfb4 sp=0x000000f9ca1fbe80
Event: 0.908 Thread 0x0000024df47eb850 DEOPT UNPACKING pc=0x0000024d875869a3 sp=0x000000f9ca1fbe08 mode 2

Classes loaded (20 events):
Event: 0.813 Loading class java/util/ConcurrentModificationException
Event: 0.813 Loading class java/util/ConcurrentModificationException done
Event: 0.814 Loading class java/util/concurrent/ConcurrentHashMap$KeySpliterator
Event: 0.814 Loading class java/util/concurrent/ConcurrentHashMap$KeySpliterator done
Event: 0.820 Loading class java/lang/ProcessEnvironment$CheckedKeySet
Event: 0.820 Loading class java/lang/ProcessEnvironment$CheckedKeySet done
Event: 0.822 Loading class java/util/stream/MatchOps$MatchKind
Event: 0.822 Loading class java/util/stream/MatchOps$MatchKind done
Event: 0.822 Loading class java/util/stream/MatchOps
Event: 0.822 Loading class java/util/stream/MatchOps done
Event: 0.822 Loading class java/util/stream/MatchOps$MatchOp
Event: 0.822 Loading class java/util/stream/MatchOps$MatchOp done
Event: 0.822 Loading class java/util/stream/MatchOps$BooleanTerminalSink
Event: 0.822 Loading class java/util/stream/MatchOps$BooleanTerminalSink done
Event: 0.822 Loading class java/util/stream/MatchOps$2MatchSink
Event: 0.822 Loading class java/util/stream/MatchOps$2MatchSink done
Event: 0.897 Loading class java/beans/PropertyEditorSupport
Event: 0.897 Loading class java/beans/PropertyEditor
Event: 0.897 Loading class java/beans/PropertyEditor done
Event: 0.897 Loading class java/beans/PropertyEditorSupport done

Classes unloaded (0 events):
No events

Classes redefined (0 events):
No events

Internal exceptions (20 events):
Event: 0.391 Thread 0x0000024df47eb850 Exception <a 'java/lang/ClassNotFoundException'{0x000000008c63f7a8}: javax/smartcardio/CardPermission> (0x000000008c63f7a8) 
thrown [s\src\hotspot\share\classfile\systemDictionary.cpp, line 256]
Event: 0.394 Thread 0x0000024df47eb850 Exception <a 'java/io/FileNotFoundException'{0x000000008c64dc50}> (0x000000008c64dc50) 
thrown [s\src\hotspot\share\prims\jni.cpp, line 516]
Event: 0.416 Thread 0x0000024df47eb850 Exception <a 'java/lang/NoSuchMethodError'{0x000000008c6cd690}: 'java.lang.Object java.lang.invoke.DirectMethodHandle$Holder.invokeSpecial(java.lang.Object, java.lang.Object, java.lang.Object, long, java.lang.Object)'> (0x000000008c6cd690) 
thrown [s\src\hotspot\share\interpreter\linkResolver.cpp, line 759]
Event: 0.416 Thread 0x0000024df47eb850 Exception <a 'java/lang/NoSuchMethodError'{0x000000008c6d1260}: 'java.lang.Object java.lang.invoke.Invokers$Holder.linkToTargetMethod(java.lang.Object, long, java.lang.Object, java.lang.Object)'> (0x000000008c6d1260) 
thrown [s\src\hotspot\share\interpreter\linkResolver.cpp, line 759]
Event: 0.483 Thread 0x0000024df47eb850 Exception <a 'java/lang/NoSuchMethodError'{0x000000008c4df350}: 'void java.lang.invoke.DirectMethodHandle$Holder.invokeStatic(java.lang.Object, java.lang.Object, java.lang.Object, java.lang.Object)'> (0x000000008c4df350) 
thrown [s\src\hotspot\share\interpreter\linkResolver.cpp, line 759]
Event: 0.527 Thread 0x0000024df47eb850 Exception <a 'java/lang/NoSuchMethodError'{0x000000008c209a48}: 'int java.lang.invoke.DirectMethodHandle$Holder.invokeStaticInit(java.lang.Object, java.lang.Object)'> (0x000000008c209a48) 
thrown [s\src\hotspot\share\interpreter\linkResolver.cpp, line 759]
Event: 0.581 Thread 0x0000024df47eb850 Exception <a 'java/lang/NoSuchMethodError'{0x000000008c16b360}: 'void java.lang.invoke.DirectMethodHandle$Holder.invokeInterface(java.lang.Object, java.lang.Object, java.lang.Object, java.lang.Object)'> (0x000000008c16b360) 
thrown [s\src\hotspot\share\interpreter\linkResolver.cpp, line 759]
Event: 0.621 Thread 0x0000024df47eb850 Exception <a 'java/lang/NoSuchMethodError'{0x000000008c081cb8}: 'java.lang.Object java.lang.invoke.DirectMethodHandle$Holder.invokeInterface(java.lang.Object, java.lang.Object)'> (0x000000008c081cb8) 
thrown [s\src\hotspot\share\interpreter\linkResolver.cpp, line 759]
Event: 0.629 Thread 0x0000024df47eb850 Exception <a 'java/lang/NoSuchMethodError'{0x000000008c0b98a0}: 'void java.lang.invoke.DirectMethodHandle$Holder.invokeStatic(java.lang.Object, java.lang.Object, java.lang.Object)'> (0x000000008c0b98a0) 
thrown [s\src\hotspot\share\interpreter\linkResolver.cpp, line 759]
Event: 0.648 Thread 0x0000024df47eb850 Exception <a 'java/lang/NoSuchMethodError'{0x000000008bf32818}: 'java.lang.Object java.lang.invoke.DirectMethodHandle$Holder.invokeSpecialIFC(java.lang.Object, java.lang.Object, java.lang.Object, java.lang.Object)'> (0x000000008bf32818) 
thrown [s\src\hotspot\share\interpreter\linkResolver.cpp, line 759]
Event: 0.651 Thread 0x0000024df47eb850 Exception <a 'java/lang/NoSuchMethodError'{0x000000008bf4fc58}: 'java.lang.Object java.lang.invoke.DirectMethodHandle$Holder.invokeInterface(java.lang.Object, java.lang.Object, java.lang.Object)'> (0x000000008bf4fc58) 
thrown [s\src\hotspot\share\interpreter\linkResolver.cpp, line 759]
Event: 0.671 Thread 0x0000024df47eb850 Exception <a 'java/lang/NoSuchMethodError'{0x000000008be25128}: 'int java.lang.invoke.DirectMethodHandle$Holder.invokeStaticInit(java.lang.Object, java.lang.Object, java.lang.Object)'> (0x000000008be25128) 
thrown [s\src\hotspot\share\interpreter\linkResolver.cpp, line 759]
Event: 0.681 Thread 0x0000024df47eb850 Exception <a 'java/lang/NoSuchMethodError'{0x000000008be81c60}: 'java.lang.Object java.lang.invoke.DirectMethodHandle$Holder.newInvokeSpecial(java.lang.Object, java.lang.Object, java.lang.Object, java.lang.Object, java.lang.Object)'> (0x000000008be81c60) 
thrown [s\src\hotspot\share\interpreter\linkResolver.cpp, line 759]
Event: 0.686 Thread 0x0000024df47eb850 Exception <a 'java/lang/NoSuchMethodError'{0x000000008bed1e78}: 'java.lang.Object java.lang.invoke.DirectMethodHandle$Holder.invokeStaticInit(java.lang.Object, java.lang.Object, java.lang.Object)'> (0x000000008bed1e78) 
thrown [s\src\hotspot\share\interpreter\linkResolver.cpp, line 759]
Event: 0.700 Thread 0x0000024df47eb850 Exception <a 'java/lang/IncompatibleClassChangeError'{0x000000008bd58260}: Found class java.lang.Object, but interface was expected> (0x000000008bd58260) 
thrown [s\src\hotspot\share\interpreter\linkResolver.cpp, line 826]
Event: 0.716 Thread 0x0000024df47eb850 Exception <a 'sun/nio/fs/WindowsException'{0x000000008bdd6bd0}> (0x000000008bdd6bd0) 
thrown [s\src\hotspot\share\prims\jni.cpp, line 516]
Event: 0.808 Thread 0x0000024df47eb850 Exception <a 'java/lang/NoSuchMethodError'{0x000000008d1de4e8}: 'int java.lang.invoke.DirectMethodHandle$Holder.invokeSpecial(java.lang.Object, java.lang.Object, java.lang.Object)'> (0x000000008d1de4e8) 
thrown [s\src\hotspot\share\interpreter\linkResolver.cpp, line 759]
Event: 0.826 Thread 0x0000024df47eb850 Exception <a 'java/lang/NoSuchMethodError'{0x000000008d0603b8}: 'java.lang.Object java.lang.invoke.DirectMethodHandle$Holder.invokeVirtual(java.lang.Object, java.lang.Object, java.lang.Object)'> (0x000000008d0603b8) 
thrown [s\src\hotspot\share\interpreter\linkResolver.cpp, line 759]
Event: 0.855 Thread 0x0000024df47eb850 Exception <a 'java/lang/NoSuchMethodError'{0x000000008cf24048}: 'int java.lang.invoke.DirectMethodHandle$Holder.invokeStatic(java.lang.Object, java.lang.Object, java.lang.Object, java.lang.Object)'> (0x000000008cf24048) 
thrown [s\src\hotspot\share\interpreter\linkResolver.cpp, line 759]
Event: 0.855 Thread 0x0000024df47eb850 Exception <a 'java/lang/NoSuchMethodError'{0x000000008cf27c70}: 'java.lang.Object java.lang.invoke.Invokers$Holder.invokeExact_MT(java.lang.Object, java.lang.Object, java.lang.Object, java.lang.Object, java.lang.Object, java.lang.Object)'> (0x000000008cf27c70) 
thrown [s\src\hotspot\share\interpreter\linkResolver.cpp, line 759]

VM Operations (18 events):
Event: 0.109 Executing VM operation: HandshakeAllThreads
Event: 0.109 Executing VM operation: HandshakeAllThreads done
Event: 0.308 Executing VM operation: HandshakeAllThreads
Event: 0.308 Executing VM operation: HandshakeAllThreads done
Event: 0.316 Executing VM operation: HandshakeAllThreads
Event: 0.316 Executing VM operation: HandshakeAllThreads done
Event: 0.350 Executing VM operation: HandshakeAllThreads
Event: 0.350 Executing VM operation: HandshakeAllThreads done
Event: 0.357 Executing VM operation: HandshakeAllThreads
Event: 0.357 Executing VM operation: HandshakeAllThreads done
Event: 0.394 Executing VM operation: HandshakeAllThreads
Event: 0.394 Executing VM operation: HandshakeAllThreads done
Event: 0.442 Executing VM operation: HandshakeAllThreads
Event: 0.442 Executing VM operation: HandshakeAllThreads done
Event: 0.718 Executing VM operation: HandshakeAllThreads
Event: 0.718 Executing VM operation: HandshakeAllThreads done
Event: 0.721 Executing VM operation: G1CollectForAllocation
Event: 0.729 Executing VM operation: G1CollectForAllocation done

Memory protections (0 events):
No events

Nmethod flushes (0 events):
No events

Events (14 events):
Event: 0.025 Thread 0x0000024df47eb850 Thread added: 0x0000024df47eb850
Event: 0.026 Thread 0x0000024df47eb850 Thread added: 0x0000024dfff16d80
Event: 0.027 Thread 0x0000024df47eb850 Thread added: 0x0000024dfff1a670
Event: 0.033 Thread 0x0000024df47eb850 Thread added: 0x0000024dfff30f60
Event: 0.033 Thread 0x0000024df47eb850 Thread added: 0x0000024dfff31530
Event: 0.033 Thread 0x0000024df47eb850 Thread added: 0x0000024dfff32670
Event: 0.033 Thread 0x0000024df47eb850 Thread added: 0x0000024dfff377c0
Event: 0.033 Thread 0x0000024df47eb850 Thread added: 0x0000024dfff39480
Event: 0.033 Thread 0x0000024df47eb850 Thread added: 0x0000024dfff3b5d0
Event: 0.033 Thread 0x0000024df47eb850 Thread added: 0x0000024dfff3e220
Event: 0.102 Thread 0x0000024df47eb850 Thread added: 0x0000024dd82206d0
Event: 0.163 Thread 0x0000024dfff3b5d0 Thread added: 0x0000024dd8361900
Event: 0.306 Thread 0x0000024df47eb850 Thread added: 0x0000024dd85b3520
Event: 0.306 Thread 0x0000024df47eb850 Thread added: 0x0000024dd844b860


Dynamic libraries:
0x00007ff6898b0000 - 0x00007ff6898be000 	C:\Users\luisb\.jdks\corretto-17.0.13\bin\java.exe
0x00007ffebd400000 - 0x00007ffebd663000 	C:\WINDOWS\SYSTEM32\ntdll.dll
0x00007ffebc480000 - 0x00007ffebc547000 	C:\WINDOWS\System32\KERNEL32.DLL
0x00007ffebac70000 - 0x00007ffebb039000 	C:\WINDOWS\System32\KERNELBASE.dll
0x00007ffebb040000 - 0x00007ffebb18c000 	C:\WINDOWS\System32\ucrtbase.dll
0x00007ffe953e0000 - 0x00007ffe953f7000 	C:\Users\luisb\.jdks\corretto-17.0.13\bin\jli.dll
0x00007ffe95400000 - 0x00007ffe9541b000 	C:\Users\luisb\.jdks\corretto-17.0.13\bin\VCRUNTIME140.dll
0x00007ffebbf50000 - 0x00007ffebc11a000 	C:\WINDOWS\System32\USER32.dll
0x00007ffeba600000 - 0x00007ffeba627000 	C:\WINDOWS\System32\win32u.dll
0x00007ffe98620000 - 0x00007ffe988b0000 	C:\WINDOWS\WinSxS\amd64_microsoft.windows.common-controls_6595b64144ccf1df_6.0.26100.3323_none_3e088096e3344490\COMCTL32.dll
0x00007ffebcf50000 - 0x00007ffebcf7a000 	C:\WINDOWS\System32\GDI32.dll
0x00007ffebc120000 - 0x00007ffebc1c9000 	C:\WINDOWS\System32\msvcrt.dll
0x00007ffeba9e0000 - 0x00007ffebab11000 	C:\WINDOWS\System32\gdi32full.dll
0x00007ffebabc0000 - 0x00007ffebac63000 	C:\WINDOWS\System32\msvcp_win.dll
0x00007ffebc5d0000 - 0x00007ffebc5ff000 	C:\WINDOWS\System32\IMM32.DLL
0x00007ffeb2960000 - 0x00007ffeb296c000 	C:\Users\luisb\.jdks\corretto-17.0.13\bin\vcruntime140_1.dll
0x00007ffe71c80000 - 0x00007ffe71d0d000 	C:\Users\luisb\.jdks\corretto-17.0.13\bin\msvcp140.dll
0x00007ffe1e550000 - 0x00007ffe1f1bc000 	C:\Users\luisb\.jdks\corretto-17.0.13\bin\server\jvm.dll
0x00007ffebd300000 - 0x00007ffebd3b2000 	C:\WINDOWS\System32\ADVAPI32.dll
0x00007ffebc3d0000 - 0x00007ffebc476000 	C:\WINDOWS\System32\sechost.dll
0x00007ffebc9f0000 - 0x00007ffebcb06000 	C:\WINDOWS\System32\RPCRT4.dll
0x00007ffebcb10000 - 0x00007ffebcb84000 	C:\WINDOWS\System32\WS2_32.dll
0x00007ffeb9290000 - 0x00007ffeb92de000 	C:\WINDOWS\SYSTEM32\POWRPROF.dll
0x00007ffead5c0000 - 0x00007ffead5f6000 	C:\WINDOWS\SYSTEM32\WINMM.dll
0x00007ffeafce0000 - 0x00007ffeafceb000 	C:\WINDOWS\SYSTEM32\VERSION.dll
0x00007ffeb9270000 - 0x00007ffeb9284000 	C:\WINDOWS\SYSTEM32\UMPDC.dll
0x00007ffeb9530000 - 0x00007ffeb954a000 	C:\WINDOWS\SYSTEM32\kernel.appcore.dll
0x00007ffeb0d50000 - 0x00007ffeb0d5a000 	C:\Users\luisb\.jdks\corretto-17.0.13\bin\jimage.dll
0x00007ffeb7e60000 - 0x00007ffeb80a1000 	C:\WINDOWS\SYSTEM32\DBGHELP.DLL
0x00007ffebc610000 - 0x00007ffebc992000 	C:\WINDOWS\System32\combase.dll
0x00007ffebcf90000 - 0x00007ffebd066000 	C:\WINDOWS\System32\OLEAUT32.dll
0x00007ffe19630000 - 0x00007ffe19669000 	C:\WINDOWS\SYSTEM32\dbgcore.DLL
0x00007ffebab20000 - 0x00007ffebabb9000 	C:\WINDOWS\System32\bcryptPrimitives.dll
0x00007ffeb1da0000 - 0x00007ffeb1dae000 	C:\Users\luisb\.jdks\corretto-17.0.13\bin\instrument.dll
0x00007ffe953b0000 - 0x00007ffe953d5000 	C:\Users\luisb\.jdks\corretto-17.0.13\bin\java.dll
0x00007ffe66be0000 - 0x00007ffe66cb7000 	C:\Users\luisb\.jdks\corretto-17.0.13\bin\jsvml.dll
0x00007ffebb830000 - 0x00007ffebbf45000 	C:\WINDOWS\System32\SHELL32.dll
0x00007ffeba630000 - 0x00007ffeba798000 	C:\WINDOWS\System32\wintypes.dll
0x00007ffeb8300000 - 0x00007ffeb8b45000 	C:\WINDOWS\SYSTEM32\windows.storage.dll
0x00007ffebd210000 - 0x00007ffebd2fb000 	C:\WINDOWS\System32\SHCORE.dll
0x00007ffebc210000 - 0x00007ffebc26d000 	C:\WINDOWS\System32\shlwapi.dll
0x00007ffeba510000 - 0x00007ffeba53f000 	C:\WINDOWS\SYSTEM32\profapi.dll
0x00007ffe94d60000 - 0x00007ffe94d78000 	C:\Users\luisb\.jdks\corretto-17.0.13\bin\zip.dll
0x00007ffe95390000 - 0x00007ffe953a9000 	C:\Users\luisb\.jdks\corretto-17.0.13\bin\net.dll
0x00007ffeb2150000 - 0x00007ffeb226e000 	C:\WINDOWS\SYSTEM32\WINHTTP.dll
0x00007ffeb9a50000 - 0x00007ffeb9aba000 	C:\WINDOWS\system32\mswsock.dll
0x00007ffe94d80000 - 0x00007ffe94d96000 	C:\Users\luisb\.jdks\corretto-17.0.13\bin\nio.dll
0x00007ffe75550000 - 0x00007ffe7556a000 	C:\Program Files\JetBrains\IntelliJ IDEA Community Edition 2024.2.3\bin\breakgen64.dll
0x00007ffeb0ac0000 - 0x00007ffeb0ac9000 	C:\Users\luisb\.jdks\corretto-17.0.13\bin\extnet.dll

dbghelp: loaded successfully - version: 4.0.5 - missing functions: none
symbol engine: initialized successfully - sym options: 0x614 - pdb path: .;C:\Users\luisb\.jdks\corretto-17.0.13\bin;C:\WINDOWS\SYSTEM32;C:\WINDOWS\WinSxS\amd64_microsoft.windows.common-controls_6595b64144ccf1df_6.0.26100.3323_none_3e088096e3344490;C:\Users\luisb\.jdks\corretto-17.0.13\bin\server;C:\Program Files\JetBrains\IntelliJ IDEA Community Edition 2024.2.3\bin

VM Arguments:
jvm_args: -javaagent:C:\Program Files\JetBrains\IntelliJ IDEA Community Edition 2024.2.3\lib\idea_rt.jar=52119:C:\Program Files\JetBrains\IntelliJ IDEA Community Edition 2024.2.3\bin -Dfile.encoding=UTF-8 
java_command: gt.edu.umes.broker.broker.IdentityServiceApplication
java_class_path (initial): C:\Users\luisb\OneDrive\Desktop\Microproyecto\Broker\microservice-identity\target\classes;C:\Users\luisb\.m2\repository\org\springframework\boot\spring-boot-starter-data-jpa\3.3.9\spring-boot-starter-data-jpa-3.3.9.jar;C:\Users\luisb\.m2\repository\org\springframework\boot\spring-boot-starter-aop\3.3.9\spring-boot-starter-aop-3.3.9.jar;C:\Users\luisb\.m2\repository\org\aspectj\aspectjweaver\1.9.22.1\aspectjweaver-1.9.22.1.jar;C:\Users\luisb\.m2\repository\org\springframework\boot\spring-boot-starter-jdbc\3.3.9\spring-boot-starter-jdbc-3.3.9.jar;C:\Users\luisb\.m2\repository\com\zaxxer\HikariCP\5.1.0\HikariCP-5.1.0.jar;C:\Users\luisb\.m2\repository\org\springframework\spring-jdbc\6.1.17\spring-jdbc-6.1.17.jar;C:\Users\luisb\.m2\repository\org\hibernate\orm\hibernate-core\6.5.3.Final\hibernate-core-6.5.3.Final.jar;C:\Users\luisb\.m2\repository\jakarta\persistence\jakarta.persistence-api\3.1.0\jakarta.persistence-api-3.1.0.jar;C:\Users\luisb\.m2\repository\jakarta\transaction\jakarta.transaction-api\2.0.1\jakarta.transaction-api-2.0.1.jar;C:\Users\luisb\.m2\repository\org\jboss\logging\jboss-logging\3.5.3.Final\jboss-logging-3.5.3.Final.jar;C:\Users\luisb\.m2\repository\org\hibernate\common\hibernate-commons-annotations\6.0.6.Final\hibernate-commons-annotations-6.0.6.Final.jar;C:\Users\luisb\.m2\repository\io\smallrye\jandex\3.1.2\jandex-3.1.2.jar;C:\Users\luisb\.m2\repository\com\fasterxml\classmate\1.7.0\classmate-1.7.0.jar;C:\Users\luisb\.m2\repository\net\bytebuddy\byte-buddy\1.14.19\byte-buddy-1.14.19.jar;C:\Users\luisb\.m2\repository\org\glassfish\jaxb\jaxb-runtime\4.0.5\jaxb-runtime-4.0.5.jar;C:\Users\luisb\.m2\repository\org\glassfish\jaxb\jaxb-core\4.0.5\jaxb-core-4.0.5.jar;C:\Users\luisb\.m2\repository\org\eclipse\angus\angus-activation\2.0.2\angus-activation-2.0.2.jar;C:\Users\luisb\.m2\repository\org\glassfish\jaxb\txw2\4.0.5\txw2-4.0.5.jar;C:\Users\luisb\.m2\repository\com\sun\istack\istack-commons-runtime\4.1.2\istack-commons-
Launcher Type: SUN_STANDARD

[Global flags]
     intx CICompilerCount                          = 4                                         {product} {ergonomic}
     uint ConcGCThreads                            = 3                                         {product} {ergonomic}
     uint G1ConcRefinementThreads                  = 10                                        {product} {ergonomic}
   size_t G1HeapRegionSize                         = 1048576                                   {product} {ergonomic}
    uintx GCDrainStackTargetSize                   = 64                                        {product} {ergonomic}
   size_t InitialHeapSize                          = 130023424                                 {product} {ergonomic}
   size_t MarkStackSize                            = 4194304                                   {product} {ergonomic}
   size_t MaxHeapSize                              = 2055208960                                {product} {ergonomic}
   size_t MaxNewSize                               = 1233125376                                {product} {ergonomic}
   size_t MinHeapDeltaBytes                        = 1048576                                   {product} {ergonomic}
   size_t MinHeapSize                              = 8388608                                   {product} {ergonomic}
    uintx NonNMethodCodeHeapSize                   = 5839372                                {pd product} {ergonomic}
    uintx NonProfiledCodeHeapSize                  = 122909434                              {pd product} {ergonomic}
    uintx ProfiledCodeHeapSize                     = 122909434                              {pd product} {ergonomic}
    uintx ReservedCodeCacheSize                    = 251658240                              {pd product} {ergonomic}
     bool SegmentedCodeCache                       = true                                      {product} {ergonomic}
   size_t SoftMaxHeapSize                          = 2055208960                             {manageable} {ergonomic}
     bool UseCompressedClassPointers               = true                           {product lp64_product} {ergonomic}
     bool UseCompressedOops                        = true                           {product lp64_product} {ergonomic}
     bool UseG1GC                                  = true                                      {product} {ergonomic}
     bool UseLargePagesIndividualAllocation        = false                                  {pd product} {ergonomic}

Logging:
Log output configuration:
 #0: stdout all=warning uptime,level,tags
 #1: stderr all=off uptime,level,tags

Environment Variables:
PATH=C:\app\luisb\product\21c\dbhomeXE\bin;C:\Program Files\Common Files\Oracle\Java\javapath;C:\windows\system32;C:\windows;C:\windows\System32\Wbem;C:\windows\System32\WindowsPowerShell\v1.0\;C:\windows\System32\OpenSSH\;C:\Program Files (x86)\NVIDIA Corporation\PhysX\Common;C:\Program Files\NVIDIA Corporation\NVIDIA NvDLISR;C:\Users\Administrator\AppData\Local\Microsoft\WindowsApps;C:\Program Files\HP\OMEN-Broadcast\Common;C:\WINDOWS\system32;C:\WINDOWS;C:\WINDOWS\System32\Wbem;C:\WINDOWS\System32\WindowsPowerShell\v1.0\;C:\WINDOWS\System32\OpenSSH\;C:\MinGW\bin;C:\MinGW\msys\1.0\bin;C:\Program Files\HP\HP One Agent;C:\Program Files (x86)\Microsoft SQL Server\160\Tools\Binn\;C:\Program Files\Microsoft SQL Server\160\Tools\Binn\;C:\Program Files\Microsoft SQL Server\Client SDK\ODBC\170\Tools\Binn\;C:\Program Files\Microsoft SQL Server\160\DTS\Binn\;C:\Program Files (x86)\Microsoft SQL Server\160\DTS\Binn\;C:\Program Files\dotnet\;C:\xampp\php;C:\ProgramData\ComposerSetup\bin;C:\Program Files\Docker\Docker\resources\bin;C:\Program Files\Kubernetes\Minikube;C:\minikube;%MAVEN_HOME%\bin;C:\Maven\apache-maven-3.9.9\bin;C:\Program Files\Java\jdk-21\bin;C:\Program Files\Git\cmd;C:\Program Files\GitHub CLI\;C:\WINDOWS\system32;C:\WINDOWS;C:\WINDOWS\System32\Wbem;C:\WINDOWS\System32\WindowsPowerShell\v1.0\;C:\WINDOWS\System32\OpenSSH\;C:\Users\luisb\AppData\Local\Programs\Python\Python313\Scripts\;C:\Users\luisb\AppData\Local\Programs\Python\Python313\;C:\Users\luisb\.console-ninja\.bin;C:\Users\luisb\AppData\Local\Microsoft\WindowsApps;C:\Users\luisb\AppData\Local\Programs\Microsoft VS Code\bin;C:\MinGW\bin;C:\MinGW;C:\Users\luisb\.dotnet\tools;C:\Users\luisb\AppData\Roaming\Composer\vendor\bin;C:\Program Files\nodejs;C:\Program Files\Oracle\VirtualBox;C:\Users\luisb\AppData\Roaming\npm;C:\Program Files\Docker\Docker\resources\bin;C:\Program Files\Kubernetes\Minikube;C:\Program Files\JetBrains\IntelliJ IDEA Community Edition 2024.2.3\bin;;C:\Maven\bin;C:\Program Files\Java\
USERNAME=luisb
OS=Windows_NT
PROCESSOR_IDENTIFIER=Intel64 Family 6 Model 186 Stepping 2, GenuineIntel
TMP=C:\Users\luisb\AppData\Local\Temp
TEMP=C:\Users\luisb\AppData\Local\Temp



Periodic native trim disabled


---------------  S Y S T E M  ---------------

OS:
 Windows 11 , 64 bit Build 26100 (10.0.26100.3323)
OS uptime: 0 days 3:28 hours
Hyper-V role detected

CPU: total 12 (initial active 12) (6 cores per cpu, 2 threads per core) family 6 model 186 stepping 2 microcode 0x4122, cx8, cmov, fxsr, ht, mmx, 3dnowpref, sse, sse2, sse3, ssse3, sse4.1, sse4.2, popcnt, lzcnt, tsc, tscinvbit, avx, avx2, aes, erms, clmul, bmi1, bmi2, adx, sha, fma, vzeroupper, clflush, clflushopt, clwb, hv
Processor Information for processor 0
  Max Mhz: 2100, Current Mhz: 2100, Mhz Limit: 2100
Processor Information for processor 1
  Max Mhz: 2100, Current Mhz: 2100, Mhz Limit: 2100
Processor Information for processor 2
  Max Mhz: 2100, Current Mhz: 2100, Mhz Limit: 2100
Processor Information for processor 3
  Max Mhz: 2100, Current Mhz: 2100, Mhz Limit: 2100
Processor Information for processor 4
  Max Mhz: 2100, Current Mhz: 1453, Mhz Limit: 2100
Processor Information for processor 5
  Max Mhz: 2100, Current Mhz: 2100, Mhz Limit: 2100
Processor Information for processor 6
  Max Mhz: 2100, Current Mhz: 1453, Mhz Limit: 2100
Processor Information for processor 7
  Max Mhz: 2100, Current Mhz: 2100, Mhz Limit: 2100
Processor Information for processor 8
  Max Mhz: 2100, Current Mhz: 1540, Mhz Limit: 2100
Processor Information for processor 9
  Max Mhz: 2100, Current Mhz: 2100, Mhz Limit: 2100
Processor Information for processor 10
  Max Mhz: 2100, Current Mhz: 1540, Mhz Limit: 2100
Processor Information for processor 11
  Max Mhz: 2100, Current Mhz: 1540, Mhz Limit: 2100

Memory: 4k page, system-wide physical 7832M (594M free)
TotalPageFile size 19441M (AvailPageFile size 8M)
current process WorkingSet (physical memory assigned to process): 92M, peak: 93M
current process commit charge ("private bytes"): 232M, peak: 233M

vm_info: OpenJDK 64-Bit Server VM (17.0.13+11-LTS) for windows-amd64 JRE (17.0.13+11-LTS), built on Oct 10 2024 19:51:30 by "Administrator" with MS VC++ 16.10 / 16.11 (VS2019)

END.
